{"level":"info","message":"Database connected successfully.","service":"forevertrue-afh-service","timestamp":"2024-11-28 02:18:21"}
{"level":"warn","message":"CSRF token error: invalid csrf token","service":"forevertrue-afh-service","timestamp":"2024-11-28 02:19:08"}
{"level":"warn","message":"CSRF token error: invalid csrf token","service":"forevertrue-afh-service","timestamp":"2024-11-28 02:19:45"}
{"level":"info","message":"Database connected successfully.","service":"forevertrue-afh-service","timestamp":"2024-11-28 02:20:57"}
{"level":"info","message":"Database connected successfully.","service":"forevertrue-afh-service","timestamp":"2024-11-28 03:42:23"}
{"level":"warn","message":"CSRF token error: invalid csrf token","service":"forevertrue-afh-service","timestamp":"2024-11-28 03:45:25"}
{"level":"info","message":"Executing (default): SELECT 1+1 AS result","service":"forevertrue-afh-service","timestamp":"2024-11-28 05:24:20"}
{"level":"info","message":"Executing (default): SELECT TABLE_NAME FROM INFORMATION_SCHEMA.TABLES WHERE TABLE_TYPE = 'BASE TABLE' AND TABLE_NAME = 'Users' AND TABLE_SCHEMA = 'forevertrue_db'","service":"forevertrue-afh-service","timestamp":"2024-11-28 05:24:21"}
{"level":"info","message":"Database connected successfully.","service":"forevertrue-afh-service","timestamp":"2024-11-28 05:24:21"}
{"level":"info","message":"Executing (default): CREATE TABLE IF NOT EXISTS `Users` (`id` INTEGER auto_increment , `name` VARCHAR(255) NOT NULL, `email` VARCHAR(255) NOT NULL UNIQUE, `password` VARCHAR(255) NOT NULL, `createdAt` DATETIME, `updatedAt` DATETIME, PRIMARY KEY (`id`)) ENGINE=InnoDB;","service":"forevertrue-afh-service","timestamp":"2024-11-28 05:24:21"}
{"level":"info","message":"Executing (default): SHOW INDEX FROM `Users`","service":"forevertrue-afh-service","timestamp":"2024-11-28 05:24:21"}
{"level":"info","message":"Executing (default): SELECT TABLE_NAME FROM INFORMATION_SCHEMA.TABLES WHERE TABLE_TYPE = 'BASE TABLE' AND TABLE_NAME = 'Services' AND TABLE_SCHEMA = 'forevertrue_db'","service":"forevertrue-afh-service","timestamp":"2024-11-28 05:24:21"}
{"level":"info","message":"Executing (default): SHOW INDEX FROM `Services`","service":"forevertrue-afh-service","timestamp":"2024-11-28 05:24:21"}
{"level":"info","message":"Executing (default): SELECT TABLE_NAME FROM INFORMATION_SCHEMA.TABLES WHERE TABLE_TYPE = 'BASE TABLE' AND TABLE_NAME = 'Bookings' AND TABLE_SCHEMA = 'forevertrue_db'","service":"forevertrue-afh-service","timestamp":"2024-11-28 05:24:21"}
{"level":"info","message":"Executing (default): CREATE TABLE IF NOT EXISTS `Bookings` (`id` INTEGER auto_increment , `userId` INTEGER NOT NULL, `serviceId` INTEGER NOT NULL, `appointmentDate` DATETIME NOT NULL, `status` VARCHAR(255) DEFAULT 'Pending', `createdAt` DATETIME, `updatedAt` DATETIME, PRIMARY KEY (`id`), FOREIGN KEY (`userId`) REFERENCES `Users` (`id`) ON DELETE NO ACTION ON UPDATE CASCADE, FOREIGN KEY (`serviceId`) REFERENCES `Services` (`id`) ON DELETE NO ACTION ON UPDATE CASCADE) ENGINE=InnoDB;","service":"forevertrue-afh-service","timestamp":"2024-11-28 05:24:21"}
{"level":"info","message":"Executing (default): SHOW INDEX FROM `Bookings`","service":"forevertrue-afh-service","timestamp":"2024-11-28 05:24:21"}
{"level":"info","message":"Executing (default): SELECT TABLE_NAME FROM INFORMATION_SCHEMA.TABLES WHERE TABLE_TYPE = 'BASE TABLE' AND TABLE_NAME = 'Testimonials' AND TABLE_SCHEMA = 'forevertrue_db'","service":"forevertrue-afh-service","timestamp":"2024-11-28 05:24:21"}
{"level":"info","message":"Executing (default): SHOW INDEX FROM `Testimonials`","service":"forevertrue-afh-service","timestamp":"2024-11-28 05:24:21"}
{"level":"info","message":"Executing (default): SELECT TABLE_NAME FROM INFORMATION_SCHEMA.TABLES WHERE TABLE_TYPE = 'BASE TABLE' AND TABLE_NAME = 'GalleryImages' AND TABLE_SCHEMA = 'forevertrue_db'","service":"forevertrue-afh-service","timestamp":"2024-11-28 05:24:21"}
{"level":"info","message":"Executing (default): CREATE TABLE IF NOT EXISTS `GalleryImages` (`id` INTEGER auto_increment , `filename` VARCHAR(255) NOT NULL, `description` VARCHAR(255), `createdAt` DATETIME, `updatedAt` DATETIME, PRIMARY KEY (`id`)) ENGINE=InnoDB;","service":"forevertrue-afh-service","timestamp":"2024-11-28 05:24:21"}
{"level":"info","message":"Executing (default): SHOW INDEX FROM `GalleryImages`","service":"forevertrue-afh-service","timestamp":"2024-11-28 05:24:21"}
{"level":"info","message":"Executing (default): SELECT TABLE_NAME FROM INFORMATION_SCHEMA.TABLES WHERE TABLE_TYPE = 'BASE TABLE' AND TABLE_NAME = 'Contacts' AND TABLE_SCHEMA = 'forevertrue_db'","service":"forevertrue-afh-service","timestamp":"2024-11-28 05:24:21"}
{"level":"info","message":"Executing (default): SHOW INDEX FROM `Contacts`","service":"forevertrue-afh-service","timestamp":"2024-11-28 05:24:21"}
{"level":"info","message":"All models were synchronized successfully.","service":"forevertrue-afh-service","timestamp":"2024-11-28 05:24:21"}
{"level":"error","message":"Unhandled Error: C:\\Users\\patri\\Downloads\\forevertrue-afh\\views\\layout.ejs:16\n    14|   <meta property=\"og:description\" content=\"Provide a brief description of your page here.\">\r\n    15|   <meta property=\"og:image\" content=\"/images/og-image.jpg\">\r\n >> 16|   <meta property=\"og:url\" content=\"https://www.yourdomain.com<%= req.originalUrl %>\">\r\n    17|   <meta property=\"og:type\" content=\"website\">\r\n    18| \r\n    19|   <!-- Bootstrap CSS -->\r\n\nreq is not defined","service":"forevertrue-afh-service","timestamp":"2024-11-28 05:24:58"}
{"level":"error","message":"Unhandled Error: C:\\Users\\patri\\Downloads\\forevertrue-afh\\views\\layout.ejs:16\n    14|   <meta property=\"og:description\" content=\"Provide a brief description of your page here.\">\r\n    15|   <meta property=\"og:image\" content=\"/images/og-image.jpg\">\r\n >> 16|   <meta property=\"og:url\" content=\"https://www.yourdomain.com<%= req.originalUrl %>\">\r\n    17|   <meta property=\"og:type\" content=\"website\">\r\n    18| \r\n    19|   <!-- Bootstrap CSS -->\r\n\nreq is not defined","service":"forevertrue-afh-service","timestamp":"2024-11-28 05:25:05"}
{"level":"error","message":"Unhandled Error: C:\\Users\\patri\\Downloads\\forevertrue-afh\\views\\layout.ejs:16\n    14|   <meta property=\"og:description\" content=\"Provide a brief description of your page here.\">\r\n    15|   <meta property=\"og:image\" content=\"/images/og-image.jpg\">\r\n >> 16|   <meta property=\"og:url\" content=\"https://www.yourdomain.com<%= req.originalUrl %>\">\r\n    17|   <meta property=\"og:type\" content=\"website\">\r\n    18| \r\n    19|   <!-- Bootstrap CSS -->\r\n\nreq is not defined","service":"forevertrue-afh-service","timestamp":"2024-11-28 05:25:22"}
{"level":"error","message":"Unhandled Error: C:\\Users\\patri\\Downloads\\forevertrue-afh\\views\\layout.ejs:16\n    14|   <meta property=\"og:description\" content=\"Provide a brief description of your page here.\">\r\n    15|   <meta property=\"og:image\" content=\"/images/og-image.jpg\">\r\n >> 16|   <meta property=\"og:url\" content=\"https://www.yourdomain.com<%= req.originalUrl %>\">\r\n    17|   <meta property=\"og:type\" content=\"website\">\r\n    18| \r\n    19|   <!-- Bootstrap CSS -->\r\n\nreq is not defined","service":"forevertrue-afh-service","timestamp":"2024-11-28 05:28:10"}
{"level":"info","message":"Executing (default): SELECT 1+1 AS result","service":"forevertrue-afh-service","timestamp":"2024-11-28 05:36:29"}
{"level":"info","message":"Executing (default): SELECT TABLE_NAME FROM INFORMATION_SCHEMA.TABLES WHERE TABLE_TYPE = 'BASE TABLE' AND TABLE_NAME = 'Users' AND TABLE_SCHEMA = 'forevertrue_db'","service":"forevertrue-afh-service","timestamp":"2024-11-28 05:36:29"}
{"level":"info","message":"Database connected successfully.","service":"forevertrue-afh-service","timestamp":"2024-11-28 05:36:29"}
{"level":"info","message":"Executing (default): SHOW INDEX FROM `Users`","service":"forevertrue-afh-service","timestamp":"2024-11-28 05:36:29"}
{"level":"info","message":"Executing (default): SELECT TABLE_NAME FROM INFORMATION_SCHEMA.TABLES WHERE TABLE_TYPE = 'BASE TABLE' AND TABLE_NAME = 'Services' AND TABLE_SCHEMA = 'forevertrue_db'","service":"forevertrue-afh-service","timestamp":"2024-11-28 05:36:29"}
{"level":"info","message":"Executing (default): SHOW INDEX FROM `Services`","service":"forevertrue-afh-service","timestamp":"2024-11-28 05:36:29"}
{"level":"info","message":"Executing (default): SELECT TABLE_NAME FROM INFORMATION_SCHEMA.TABLES WHERE TABLE_TYPE = 'BASE TABLE' AND TABLE_NAME = 'Bookings' AND TABLE_SCHEMA = 'forevertrue_db'","service":"forevertrue-afh-service","timestamp":"2024-11-28 05:36:29"}
{"level":"info","message":"Executing (default): SHOW INDEX FROM `Bookings`","service":"forevertrue-afh-service","timestamp":"2024-11-28 05:36:29"}
{"level":"info","message":"Executing (default): SELECT TABLE_NAME FROM INFORMATION_SCHEMA.TABLES WHERE TABLE_TYPE = 'BASE TABLE' AND TABLE_NAME = 'Testimonials' AND TABLE_SCHEMA = 'forevertrue_db'","service":"forevertrue-afh-service","timestamp":"2024-11-28 05:36:29"}
{"level":"info","message":"Executing (default): SHOW INDEX FROM `Testimonials`","service":"forevertrue-afh-service","timestamp":"2024-11-28 05:36:29"}
{"level":"info","message":"Executing (default): SELECT TABLE_NAME FROM INFORMATION_SCHEMA.TABLES WHERE TABLE_TYPE = 'BASE TABLE' AND TABLE_NAME = 'GalleryImages' AND TABLE_SCHEMA = 'forevertrue_db'","service":"forevertrue-afh-service","timestamp":"2024-11-28 05:36:29"}
{"level":"info","message":"Executing (default): SHOW INDEX FROM `GalleryImages`","service":"forevertrue-afh-service","timestamp":"2024-11-28 05:36:29"}
{"level":"info","message":"Executing (default): SELECT TABLE_NAME FROM INFORMATION_SCHEMA.TABLES WHERE TABLE_TYPE = 'BASE TABLE' AND TABLE_NAME = 'Contacts' AND TABLE_SCHEMA = 'forevertrue_db'","service":"forevertrue-afh-service","timestamp":"2024-11-28 05:36:29"}
{"level":"info","message":"Executing (default): SHOW INDEX FROM `Contacts`","service":"forevertrue-afh-service","timestamp":"2024-11-28 05:36:29"}
{"level":"info","message":"All models were synchronized successfully.","service":"forevertrue-afh-service","timestamp":"2024-11-28 05:36:29"}
{"level":"info","message":"Executing (default): SELECT 1+1 AS result","service":"forevertrue-afh-service","timestamp":"2024-11-28 05:57:21"}
{"level":"info","message":"Executing (default): SELECT TABLE_NAME FROM INFORMATION_SCHEMA.TABLES WHERE TABLE_TYPE = 'BASE TABLE' AND TABLE_NAME = 'Users' AND TABLE_SCHEMA = 'forevertrue_db'","service":"forevertrue-afh-service","timestamp":"2024-11-28 05:57:21"}
{"level":"info","message":"Database connected successfully.","service":"forevertrue-afh-service","timestamp":"2024-11-28 05:57:21"}
{"level":"info","message":"Executing (default): SHOW INDEX FROM `Users`","service":"forevertrue-afh-service","timestamp":"2024-11-28 05:57:21"}
{"level":"info","message":"Executing (default): SELECT TABLE_NAME FROM INFORMATION_SCHEMA.TABLES WHERE TABLE_TYPE = 'BASE TABLE' AND TABLE_NAME = 'Services' AND TABLE_SCHEMA = 'forevertrue_db'","service":"forevertrue-afh-service","timestamp":"2024-11-28 05:57:21"}
{"level":"info","message":"Executing (default): SHOW INDEX FROM `Services`","service":"forevertrue-afh-service","timestamp":"2024-11-28 05:57:21"}
{"level":"info","message":"Executing (default): SELECT TABLE_NAME FROM INFORMATION_SCHEMA.TABLES WHERE TABLE_TYPE = 'BASE TABLE' AND TABLE_NAME = 'Bookings' AND TABLE_SCHEMA = 'forevertrue_db'","service":"forevertrue-afh-service","timestamp":"2024-11-28 05:57:21"}
{"level":"info","message":"Executing (default): SHOW INDEX FROM `Bookings`","service":"forevertrue-afh-service","timestamp":"2024-11-28 05:57:21"}
{"level":"info","message":"Executing (default): SELECT TABLE_NAME FROM INFORMATION_SCHEMA.TABLES WHERE TABLE_TYPE = 'BASE TABLE' AND TABLE_NAME = 'Testimonials' AND TABLE_SCHEMA = 'forevertrue_db'","service":"forevertrue-afh-service","timestamp":"2024-11-28 05:57:21"}
{"level":"info","message":"Executing (default): SHOW INDEX FROM `Testimonials`","service":"forevertrue-afh-service","timestamp":"2024-11-28 05:57:21"}
{"level":"info","message":"Executing (default): SELECT TABLE_NAME FROM INFORMATION_SCHEMA.TABLES WHERE TABLE_TYPE = 'BASE TABLE' AND TABLE_NAME = 'GalleryImages' AND TABLE_SCHEMA = 'forevertrue_db'","service":"forevertrue-afh-service","timestamp":"2024-11-28 05:57:21"}
{"level":"info","message":"Executing (default): SHOW INDEX FROM `GalleryImages`","service":"forevertrue-afh-service","timestamp":"2024-11-28 05:57:21"}
{"level":"info","message":"Executing (default): SELECT TABLE_NAME FROM INFORMATION_SCHEMA.TABLES WHERE TABLE_TYPE = 'BASE TABLE' AND TABLE_NAME = 'Contacts' AND TABLE_SCHEMA = 'forevertrue_db'","service":"forevertrue-afh-service","timestamp":"2024-11-28 05:57:21"}
{"level":"info","message":"Executing (default): SHOW INDEX FROM `Contacts`","service":"forevertrue-afh-service","timestamp":"2024-11-28 05:57:21"}
{"level":"info","message":"All models were synchronized successfully.","service":"forevertrue-afh-service","timestamp":"2024-11-28 05:57:21"}
{"level":"info","message":"Executing (default): SELECT `id`, `name`, `email`, `password`, `createdAt`, `updatedAt` FROM `Users` AS `User` WHERE `User`.`email` = 'patrickkinami@gmail.com';","service":"forevertrue-afh-service","timestamp":"2024-11-28 05:58:56"}
{"level":"info","message":"Executing (default): INSERT INTO `Users` (`id`,`name`,`email`,`password`,`createdAt`,`updatedAt`) VALUES (DEFAULT,?,?,?,?,?);","service":"forevertrue-afh-service","timestamp":"2024-11-28 05:58:57"}
{"level":"info","message":"Executing (default): SELECT `id`, `name`, `email`, `password`, `createdAt`, `updatedAt` FROM `Users` AS `User` WHERE `User`.`email` = 'patrickkinami@gmail.com';","service":"forevertrue-afh-service","timestamp":"2024-11-28 05:59:16"}
{"level":"info","message":"Executing (default): SELECT `id`, `name`, `email`, `password`, `createdAt`, `updatedAt` FROM `Users` AS `User` WHERE `User`.`email` = 'patrickkinami@gmail.com';","service":"forevertrue-afh-service","timestamp":"2024-11-28 05:59:40"}
{"level":"info","message":"Executing (default): INSERT INTO `Contacts` (`id`,`name`,`email`,`phone`,`subject`,`message`,`submission_date`,`createdAt`,`updatedAt`) VALUES (DEFAULT,?,?,?,?,?,?,?,?);","service":"forevertrue-afh-service","timestamp":"2024-11-28 06:00:07"}
{"level":"error","message":"Error submitting contact form: Unknown column 'createdAt' in 'field list'","service":"forevertrue-afh-service","timestamp":"2024-11-28 06:00:07"}
{"level":"info","message":"Executing (default): SELECT `id`, `filename`, `description`, `createdAt`, `updatedAt` FROM `GalleryImages` AS `GalleryImage` ORDER BY `GalleryImage`.`createdAt` DESC;","service":"forevertrue-afh-service","timestamp":"2024-11-28 06:00:38"}
{"level":"info","message":"Executing (default): SELECT `id`, `userName`, `message`, `createdAt`, `updatedAt`, `userId` FROM `Testimonials` AS `Testimonial` ORDER BY `Testimonial`.`createdAt` DESC;","service":"forevertrue-afh-service","timestamp":"2024-11-28 06:00:44"}
{"level":"error","message":"Error fetching testimonials: Unknown column 'userName' in 'field list'","service":"forevertrue-afh-service","timestamp":"2024-11-28 06:00:44"}
{"level":"info","message":"Executing (default): SELECT `id`, `name`, `description`, `icon`, `createdAt`, `updatedAt` FROM `Services` AS `Service`;","service":"forevertrue-afh-service","timestamp":"2024-11-28 06:00:54"}
{"level":"error","message":"Error fetching services: Unknown column 'createdAt' in 'field list'","service":"forevertrue-afh-service","timestamp":"2024-11-28 06:00:54"}
{"level":"info","message":"Executing (default): SELECT `id`, `name`, `description`, `icon`, `createdAt`, `updatedAt` FROM `Services` AS `Service`;","service":"forevertrue-afh-service","timestamp":"2024-11-28 06:06:59"}
{"level":"error","message":"Error fetching services: Unknown column 'createdAt' in 'field list'","service":"forevertrue-afh-service","timestamp":"2024-11-28 06:06:59"}
{"level":"info","message":"Executing (default): SELECT `id`, `name`, `description`, `icon`, `createdAt`, `updatedAt` FROM `Services` AS `Service`;","service":"forevertrue-afh-service","timestamp":"2024-11-28 06:07:09"}
{"level":"error","message":"Error fetching services: Unknown column 'createdAt' in 'field list'","service":"forevertrue-afh-service","timestamp":"2024-11-28 06:07:09"}
{"level":"info","message":"Executing (default): SELECT `id`, `userName`, `message`, `createdAt`, `updatedAt`, `userId` FROM `Testimonials` AS `Testimonial` ORDER BY `Testimonial`.`createdAt` DESC;","service":"forevertrue-afh-service","timestamp":"2024-11-28 06:07:13"}
{"level":"error","message":"Error fetching testimonials: Unknown column 'userName' in 'field list'","service":"forevertrue-afh-service","timestamp":"2024-11-28 06:07:13"}
{"level":"info","message":"Executing (default): SELECT `id`, `name`, `description`, `icon`, `createdAt`, `updatedAt` FROM `Services` AS `Service`;","service":"forevertrue-afh-service","timestamp":"2024-11-28 06:07:18"}
{"level":"error","message":"Error fetching services: Unknown column 'createdAt' in 'field list'","service":"forevertrue-afh-service","timestamp":"2024-11-28 06:07:18"}
{"level":"info","message":"Executing (default): SELECT `id`, `userName`, `message`, `createdAt`, `updatedAt`, `userId` FROM `Testimonials` AS `Testimonial` ORDER BY `Testimonial`.`createdAt` DESC;","service":"forevertrue-afh-service","timestamp":"2024-11-28 06:07:20"}
{"level":"error","message":"Error fetching testimonials: Unknown column 'userName' in 'field list'","service":"forevertrue-afh-service","timestamp":"2024-11-28 06:07:20"}
{"level":"info","message":"Executing (default): SELECT `id`, `filename`, `description`, `createdAt`, `updatedAt` FROM `GalleryImages` AS `GalleryImage` ORDER BY `GalleryImage`.`createdAt` DESC;","service":"forevertrue-afh-service","timestamp":"2024-11-28 06:07:21"}
{"level":"info","message":"Executing (default): SELECT `id`, `name`, `description`, `icon`, `createdAt`, `updatedAt` FROM `Services` AS `Service`;","service":"forevertrue-afh-service","timestamp":"2024-11-28 06:08:26"}
{"level":"error","message":"Error fetching services: Unknown column 'createdAt' in 'field list'","service":"forevertrue-afh-service","timestamp":"2024-11-28 06:08:26"}
{"level":"info","message":"Executing (default): SELECT `id`, `userName`, `message`, `createdAt`, `updatedAt`, `userId` FROM `Testimonials` AS `Testimonial` ORDER BY `Testimonial`.`createdAt` DESC;","service":"forevertrue-afh-service","timestamp":"2024-11-28 06:08:33"}
{"level":"error","message":"Error fetching testimonials: Unknown column 'userName' in 'field list'","service":"forevertrue-afh-service","timestamp":"2024-11-28 06:08:33"}
{"level":"info","message":"Executing (default): SELECT `id`, `name`, `description`, `icon`, `createdAt`, `updatedAt` FROM `Services` AS `Service`;","service":"forevertrue-afh-service","timestamp":"2024-11-28 06:08:35"}
{"level":"error","message":"Error fetching services: Unknown column 'createdAt' in 'field list'","service":"forevertrue-afh-service","timestamp":"2024-11-28 06:08:35"}
{"level":"info","message":"Executing (default): SELECT `id`, `name`, `description`, `icon`, `createdAt`, `updatedAt` FROM `Services` AS `Service`;","service":"forevertrue-afh-service","timestamp":"2024-11-28 06:23:47"}
{"level":"error","message":"Error fetching services: Unknown column 'createdAt' in 'field list'","service":"forevertrue-afh-service","timestamp":"2024-11-28 06:23:47"}
{"level":"info","message":"Executing (default): SELECT `id`, `userName`, `message`, `createdAt`, `updatedAt`, `userId` FROM `Testimonials` AS `Testimonial` ORDER BY `Testimonial`.`createdAt` DESC;","service":"forevertrue-afh-service","timestamp":"2024-11-28 06:23:51"}
{"level":"error","message":"Error fetching testimonials: Unknown column 'userName' in 'field list'","service":"forevertrue-afh-service","timestamp":"2024-11-28 06:23:51"}
{"level":"info","message":"Executing (default): SELECT `id`, `filename`, `description`, `createdAt`, `updatedAt` FROM `GalleryImages` AS `GalleryImage` ORDER BY `GalleryImage`.`createdAt` DESC;","service":"forevertrue-afh-service","timestamp":"2024-11-28 06:23:55"}
{"level":"info","message":"Executing (default): SELECT 1+1 AS result","service":"forevertrue-afh-service","timestamp":"2024-11-28 07:39:44"}
{"level":"info","message":"Executing (default): SELECT TABLE_NAME FROM INFORMATION_SCHEMA.TABLES WHERE TABLE_TYPE = 'BASE TABLE' AND TABLE_NAME = 'Users' AND TABLE_SCHEMA = 'forevertrue_db'","service":"forevertrue-afh-service","timestamp":"2024-11-28 07:39:44"}
{"level":"info","message":"Database connected successfully.","service":"forevertrue-afh-service","timestamp":"2024-11-28 07:39:44"}
{"level":"info","message":"Executing (default): SHOW INDEX FROM `Users`","service":"forevertrue-afh-service","timestamp":"2024-11-28 07:39:44"}
{"level":"info","message":"Executing (default): SELECT TABLE_NAME FROM INFORMATION_SCHEMA.TABLES WHERE TABLE_TYPE = 'BASE TABLE' AND TABLE_NAME = 'Services' AND TABLE_SCHEMA = 'forevertrue_db'","service":"forevertrue-afh-service","timestamp":"2024-11-28 07:39:44"}
{"level":"info","message":"Executing (default): SHOW INDEX FROM `Services`","service":"forevertrue-afh-service","timestamp":"2024-11-28 07:39:44"}
{"level":"info","message":"Executing (default): SELECT TABLE_NAME FROM INFORMATION_SCHEMA.TABLES WHERE TABLE_TYPE = 'BASE TABLE' AND TABLE_NAME = 'Bookings' AND TABLE_SCHEMA = 'forevertrue_db'","service":"forevertrue-afh-service","timestamp":"2024-11-28 07:39:44"}
{"level":"info","message":"Executing (default): SHOW INDEX FROM `Bookings`","service":"forevertrue-afh-service","timestamp":"2024-11-28 07:39:44"}
{"level":"info","message":"Executing (default): SELECT TABLE_NAME FROM INFORMATION_SCHEMA.TABLES WHERE TABLE_TYPE = 'BASE TABLE' AND TABLE_NAME = 'Testimonials' AND TABLE_SCHEMA = 'forevertrue_db'","service":"forevertrue-afh-service","timestamp":"2024-11-28 07:39:44"}
{"level":"info","message":"Executing (default): SHOW INDEX FROM `Testimonials`","service":"forevertrue-afh-service","timestamp":"2024-11-28 07:39:44"}
{"level":"info","message":"Executing (default): SELECT TABLE_NAME FROM INFORMATION_SCHEMA.TABLES WHERE TABLE_TYPE = 'BASE TABLE' AND TABLE_NAME = 'GalleryImages' AND TABLE_SCHEMA = 'forevertrue_db'","service":"forevertrue-afh-service","timestamp":"2024-11-28 07:39:44"}
{"level":"info","message":"Executing (default): SHOW INDEX FROM `GalleryImages`","service":"forevertrue-afh-service","timestamp":"2024-11-28 07:39:44"}
{"level":"info","message":"Executing (default): SELECT TABLE_NAME FROM INFORMATION_SCHEMA.TABLES WHERE TABLE_TYPE = 'BASE TABLE' AND TABLE_NAME = 'Contacts' AND TABLE_SCHEMA = 'forevertrue_db'","service":"forevertrue-afh-service","timestamp":"2024-11-28 07:39:44"}
{"level":"info","message":"Executing (default): SHOW INDEX FROM `Contacts`","service":"forevertrue-afh-service","timestamp":"2024-11-28 07:39:44"}
{"level":"info","message":"All models were synchronized successfully.","service":"forevertrue-afh-service","timestamp":"2024-11-28 07:39:44"}
{"level":"info","message":"Executing (default): SELECT 1+1 AS result","service":"forevertrue-afh-service","timestamp":"2024-11-28 07:55:00"}
{"level":"info","message":"Executing (default): SELECT TABLE_NAME FROM INFORMATION_SCHEMA.TABLES WHERE TABLE_TYPE = 'BASE TABLE' AND TABLE_NAME = 'Users' AND TABLE_SCHEMA = 'forevertrue_db'","service":"forevertrue-afh-service","timestamp":"2024-11-28 07:55:00"}
{"level":"info","message":"Database connected successfully.","service":"forevertrue-afh-service","timestamp":"2024-11-28 07:55:00"}
{"level":"info","message":"Executing (default): SHOW INDEX FROM `Users`","service":"forevertrue-afh-service","timestamp":"2024-11-28 07:55:00"}
{"level":"info","message":"Executing (default): SELECT TABLE_NAME FROM INFORMATION_SCHEMA.TABLES WHERE TABLE_TYPE = 'BASE TABLE' AND TABLE_NAME = 'Services' AND TABLE_SCHEMA = 'forevertrue_db'","service":"forevertrue-afh-service","timestamp":"2024-11-28 07:55:00"}
{"level":"info","message":"Executing (default): SHOW INDEX FROM `Services`","service":"forevertrue-afh-service","timestamp":"2024-11-28 07:55:00"}
{"level":"info","message":"Executing (default): SELECT TABLE_NAME FROM INFORMATION_SCHEMA.TABLES WHERE TABLE_TYPE = 'BASE TABLE' AND TABLE_NAME = 'Bookings' AND TABLE_SCHEMA = 'forevertrue_db'","service":"forevertrue-afh-service","timestamp":"2024-11-28 07:55:01"}
{"level":"info","message":"Executing (default): SHOW INDEX FROM `Bookings`","service":"forevertrue-afh-service","timestamp":"2024-11-28 07:55:01"}
{"level":"info","message":"Executing (default): SELECT TABLE_NAME FROM INFORMATION_SCHEMA.TABLES WHERE TABLE_TYPE = 'BASE TABLE' AND TABLE_NAME = 'Testimonials' AND TABLE_SCHEMA = 'forevertrue_db'","service":"forevertrue-afh-service","timestamp":"2024-11-28 07:55:01"}
{"level":"info","message":"Executing (default): SHOW INDEX FROM `Testimonials`","service":"forevertrue-afh-service","timestamp":"2024-11-28 07:55:01"}
{"level":"info","message":"Executing (default): SELECT TABLE_NAME FROM INFORMATION_SCHEMA.TABLES WHERE TABLE_TYPE = 'BASE TABLE' AND TABLE_NAME = 'GalleryImages' AND TABLE_SCHEMA = 'forevertrue_db'","service":"forevertrue-afh-service","timestamp":"2024-11-28 07:55:01"}
{"level":"info","message":"Executing (default): SHOW INDEX FROM `GalleryImages`","service":"forevertrue-afh-service","timestamp":"2024-11-28 07:55:01"}
{"level":"info","message":"Executing (default): SELECT TABLE_NAME FROM INFORMATION_SCHEMA.TABLES WHERE TABLE_TYPE = 'BASE TABLE' AND TABLE_NAME = 'Contacts' AND TABLE_SCHEMA = 'forevertrue_db'","service":"forevertrue-afh-service","timestamp":"2024-11-28 07:55:01"}
{"level":"info","message":"Executing (default): SHOW INDEX FROM `Contacts`","service":"forevertrue-afh-service","timestamp":"2024-11-28 07:55:01"}
{"level":"info","message":"All models were synchronized successfully.","service":"forevertrue-afh-service","timestamp":"2024-11-28 07:55:01"}
